CRITICAL - 2023-04-20 07:04:16 --> syntax error, unexpected token "}"
#0 C:\Users\BTS SIO\iCloudDrive\BTS Sio\Cours Web\ChopesGamesGRETA\system\Router\Router.php(176): CodeIgniter\Router\Router->autoRoute('Visiteur/se_con...')
#1 C:\Users\BTS SIO\iCloudDrive\BTS Sio\Cours Web\ChopesGamesGRETA\system\CodeIgniter.php(718): CodeIgniter\Router\Router->handle('Visiteur/se_con...')
#2 C:\Users\BTS SIO\iCloudDrive\BTS Sio\Cours Web\ChopesGamesGRETA\system\CodeIgniter.php(359): CodeIgniter\CodeIgniter->tryToRouteIt(Object(CodeIgniter\Router\RouteCollection))
#3 C:\Users\BTS SIO\iCloudDrive\BTS Sio\Cours Web\ChopesGamesGRETA\system\CodeIgniter.php(318): CodeIgniter\CodeIgniter->handleRequest(NULL, Object(Config\Cache), false)
#4 C:\Users\BTS SIO\iCloudDrive\BTS Sio\Cours Web\ChopesGamesGRETA\public\index.php(37): CodeIgniter\CodeIgniter->run()
#5 C:\Users\BTS SIO\iCloudDrive\BTS Sio\Cours Web\ChopesGamesGRETA\system\Commands\Server\rewrite.php(43): require_once('C:\\Users\\BTS SI...')
#6 {main}
CRITICAL - 2023-04-20 07:11:24 -->  route cannot be found while reverse-routing.
#0 C:\Users\BTS SIO\iCloudDrive\BTS Sio\Cours Web\ChopesGamesGRETA\system\HTTP\RedirectResponse.php(56): CodeIgniter\HTTP\Exceptions\HTTPException::forInvalidRedirectRoute('')
#1 C:\Users\BTS SIO\iCloudDrive\BTS Sio\Cours Web\ChopesGamesGRETA\system\Common.php(840): CodeIgniter\HTTP\RedirectResponse->route(false)
#2 C:\Users\BTS SIO\iCloudDrive\BTS Sio\Cours Web\ChopesGamesGRETA\app\Controllers\Visiteur.php(343): redirect('visiteur/accuei...')
#3 C:\Users\BTS SIO\iCloudDrive\BTS Sio\Cours Web\ChopesGamesGRETA\system\CodeIgniter.php(824): App\Controllers\Visiteur->se_connecter()
#4 C:\Users\BTS SIO\iCloudDrive\BTS Sio\Cours Web\ChopesGamesGRETA\system\CodeIgniter.php(410): CodeIgniter\CodeIgniter->runController(Object(App\Controllers\Visiteur))
#5 C:\Users\BTS SIO\iCloudDrive\BTS Sio\Cours Web\ChopesGamesGRETA\system\CodeIgniter.php(318): CodeIgniter\CodeIgniter->handleRequest(NULL, Object(Config\Cache), false)
#6 C:\Users\BTS SIO\iCloudDrive\BTS Sio\Cours Web\ChopesGamesGRETA\public\index.php(37): CodeIgniter\CodeIgniter->run()
#7 C:\Users\BTS SIO\iCloudDrive\BTS Sio\Cours Web\ChopesGamesGRETA\system\Commands\Server\rewrite.php(43): require_once('C:\\Users\\BTS SI...')
#8 {main}
CRITICAL - 2023-04-20 07:11:42 -->  route cannot be found while reverse-routing.
#0 C:\Users\BTS SIO\iCloudDrive\BTS Sio\Cours Web\ChopesGamesGRETA\system\HTTP\RedirectResponse.php(56): CodeIgniter\HTTP\Exceptions\HTTPException::forInvalidRedirectRoute('')
#1 C:\Users\BTS SIO\iCloudDrive\BTS Sio\Cours Web\ChopesGamesGRETA\system\Common.php(840): CodeIgniter\HTTP\RedirectResponse->route(false)
#2 C:\Users\BTS SIO\iCloudDrive\BTS Sio\Cours Web\ChopesGamesGRETA\app\Controllers\Visiteur.php(343): redirect('visiteur/accuei...', Array)
#3 C:\Users\BTS SIO\iCloudDrive\BTS Sio\Cours Web\ChopesGamesGRETA\system\CodeIgniter.php(824): App\Controllers\Visiteur->se_connecter()
#4 C:\Users\BTS SIO\iCloudDrive\BTS Sio\Cours Web\ChopesGamesGRETA\system\CodeIgniter.php(410): CodeIgniter\CodeIgniter->runController(Object(App\Controllers\Visiteur))
#5 C:\Users\BTS SIO\iCloudDrive\BTS Sio\Cours Web\ChopesGamesGRETA\system\CodeIgniter.php(318): CodeIgniter\CodeIgniter->handleRequest(NULL, Object(Config\Cache), false)
#6 C:\Users\BTS SIO\iCloudDrive\BTS Sio\Cours Web\ChopesGamesGRETA\public\index.php(37): CodeIgniter\CodeIgniter->run()
#7 C:\Users\BTS SIO\iCloudDrive\BTS Sio\Cours Web\ChopesGamesGRETA\system\Commands\Server\rewrite.php(43): require_once('C:\\Users\\BTS SI...')
#8 {main}
CRITICAL - 2023-04-20 07:12:03 -->  route cannot be found while reverse-routing.
#0 C:\Users\BTS SIO\iCloudDrive\BTS Sio\Cours Web\ChopesGamesGRETA\system\HTTP\RedirectResponse.php(56): CodeIgniter\HTTP\Exceptions\HTTPException::forInvalidRedirectRoute('')
#1 C:\Users\BTS SIO\iCloudDrive\BTS Sio\Cours Web\ChopesGamesGRETA\system\Common.php(840): CodeIgniter\HTTP\RedirectResponse->route(false)
#2 C:\Users\BTS SIO\iCloudDrive\BTS Sio\Cours Web\ChopesGamesGRETA\app\Controllers\Visiteur.php(343): redirect('/visiteur/accue...', Array)
#3 C:\Users\BTS SIO\iCloudDrive\BTS Sio\Cours Web\ChopesGamesGRETA\system\CodeIgniter.php(824): App\Controllers\Visiteur->se_connecter()
#4 C:\Users\BTS SIO\iCloudDrive\BTS Sio\Cours Web\ChopesGamesGRETA\system\CodeIgniter.php(410): CodeIgniter\CodeIgniter->runController(Object(App\Controllers\Visiteur))
#5 C:\Users\BTS SIO\iCloudDrive\BTS Sio\Cours Web\ChopesGamesGRETA\system\CodeIgniter.php(318): CodeIgniter\CodeIgniter->handleRequest(NULL, Object(Config\Cache), false)
#6 C:\Users\BTS SIO\iCloudDrive\BTS Sio\Cours Web\ChopesGamesGRETA\public\index.php(37): CodeIgniter\CodeIgniter->run()
#7 C:\Users\BTS SIO\iCloudDrive\BTS Sio\Cours Web\ChopesGamesGRETA\system\Commands\Server\rewrite.php(43): require_once('C:\\Users\\BTS SI...')
#8 {main}
CRITICAL - 2023-04-20 07:12:36 --> CodeIgniter\HTTP\RedirectResponse::to(): Argument #2 ($code) must be of type ?int, array given, called in C:\Users\BTS SIO\iCloudDrive\BTS Sio\Cours Web\ChopesGamesGRETA\app\Controllers\Visiteur.php on line 343
#0 C:\Users\BTS SIO\iCloudDrive\BTS Sio\Cours Web\ChopesGamesGRETA\app\Controllers\Visiteur.php(343): CodeIgniter\HTTP\RedirectResponse->to('/visiteur/accue...', Array)
#1 C:\Users\BTS SIO\iCloudDrive\BTS Sio\Cours Web\ChopesGamesGRETA\system\CodeIgniter.php(824): App\Controllers\Visiteur->se_connecter()
#2 C:\Users\BTS SIO\iCloudDrive\BTS Sio\Cours Web\ChopesGamesGRETA\system\CodeIgniter.php(410): CodeIgniter\CodeIgniter->runController(Object(App\Controllers\Visiteur))
#3 C:\Users\BTS SIO\iCloudDrive\BTS Sio\Cours Web\ChopesGamesGRETA\system\CodeIgniter.php(318): CodeIgniter\CodeIgniter->handleRequest(NULL, Object(Config\Cache), false)
#4 C:\Users\BTS SIO\iCloudDrive\BTS Sio\Cours Web\ChopesGamesGRETA\public\index.php(37): CodeIgniter\CodeIgniter->run()
#5 C:\Users\BTS SIO\iCloudDrive\BTS Sio\Cours Web\ChopesGamesGRETA\system\Commands\Server\rewrite.php(43): require_once('C:\\Users\\BTS SI...')
#6 {main}
CRITICAL - 2023-04-20 07:13:00 --> Undefined variable $vitrines
#0 C:\Users\BTS SIO\iCloudDrive\BTS Sio\Cours Web\ChopesGamesGRETA\app\Views\visiteur\accueil.php(11): CodeIgniter\Debug\Exceptions->errorHandler(2, 'Undefined varia...', 'C:\\Users\\BTS SI...', 11)
#1 C:\Users\BTS SIO\iCloudDrive\BTS Sio\Cours Web\ChopesGamesGRETA\system\View\View.php(214): include('C:\\Users\\BTS SI...')
#2 C:\Users\BTS SIO\iCloudDrive\BTS Sio\Cours Web\ChopesGamesGRETA\system\View\View.php(217): CodeIgniter\View\View->CodeIgniter\View\{closure}()
#3 C:\Users\BTS SIO\iCloudDrive\BTS Sio\Cours Web\ChopesGamesGRETA\system\Common.php(1097): CodeIgniter\View\View->render('/visiteur/accue...', Array, true)
#4 C:\Users\BTS SIO\iCloudDrive\BTS Sio\Cours Web\ChopesGamesGRETA\app\Controllers\Visiteur.php(343): view('/visiteur/accue...', Array)
#5 C:\Users\BTS SIO\iCloudDrive\BTS Sio\Cours Web\ChopesGamesGRETA\system\CodeIgniter.php(824): App\Controllers\Visiteur->se_connecter()
#6 C:\Users\BTS SIO\iCloudDrive\BTS Sio\Cours Web\ChopesGamesGRETA\system\CodeIgniter.php(410): CodeIgniter\CodeIgniter->runController(Object(App\Controllers\Visiteur))
#7 C:\Users\BTS SIO\iCloudDrive\BTS Sio\Cours Web\ChopesGamesGRETA\system\CodeIgniter.php(318): CodeIgniter\CodeIgniter->handleRequest(NULL, Object(Config\Cache), false)
#8 C:\Users\BTS SIO\iCloudDrive\BTS Sio\Cours Web\ChopesGamesGRETA\public\index.php(37): CodeIgniter\CodeIgniter->run()
#9 C:\Users\BTS SIO\iCloudDrive\BTS Sio\Cours Web\ChopesGamesGRETA\system\Commands\Server\rewrite.php(43): require_once('C:\\Users\\BTS SI...')
#10 {main}
CRITICAL - 2023-04-20 07:13:12 --> Undefined variable $vitrines
#0 C:\Users\BTS SIO\iCloudDrive\BTS Sio\Cours Web\ChopesGamesGRETA\app\Views\visiteur\accueil.php(11): CodeIgniter\Debug\Exceptions->errorHandler(2, 'Undefined varia...', 'C:\\Users\\BTS SI...', 11)
#1 C:\Users\BTS SIO\iCloudDrive\BTS Sio\Cours Web\ChopesGamesGRETA\system\View\View.php(214): include('C:\\Users\\BTS SI...')
#2 C:\Users\BTS SIO\iCloudDrive\BTS Sio\Cours Web\ChopesGamesGRETA\system\View\View.php(217): CodeIgniter\View\View->CodeIgniter\View\{closure}()
#3 C:\Users\BTS SIO\iCloudDrive\BTS Sio\Cours Web\ChopesGamesGRETA\system\Common.php(1097): CodeIgniter\View\View->render('visiteur/accuei...', Array, true)
#4 C:\Users\BTS SIO\iCloudDrive\BTS Sio\Cours Web\ChopesGamesGRETA\app\Controllers\Visiteur.php(343): view('visiteur/accuei...', Array)
#5 C:\Users\BTS SIO\iCloudDrive\BTS Sio\Cours Web\ChopesGamesGRETA\system\CodeIgniter.php(824): App\Controllers\Visiteur->se_connecter()
#6 C:\Users\BTS SIO\iCloudDrive\BTS Sio\Cours Web\ChopesGamesGRETA\system\CodeIgniter.php(410): CodeIgniter\CodeIgniter->runController(Object(App\Controllers\Visiteur))
#7 C:\Users\BTS SIO\iCloudDrive\BTS Sio\Cours Web\ChopesGamesGRETA\system\CodeIgniter.php(318): CodeIgniter\CodeIgniter->handleRequest(NULL, Object(Config\Cache), false)
#8 C:\Users\BTS SIO\iCloudDrive\BTS Sio\Cours Web\ChopesGamesGRETA\public\index.php(37): CodeIgniter\CodeIgniter->run()
#9 C:\Users\BTS SIO\iCloudDrive\BTS Sio\Cours Web\ChopesGamesGRETA\system\Commands\Server\rewrite.php(43): require_once('C:\\Users\\BTS SI...')
#10 {main}
CRITICAL - 2023-04-20 07:13:31 --> Undefined variable $vitrines
#0 C:\Users\BTS SIO\iCloudDrive\BTS Sio\Cours Web\ChopesGamesGRETA\app\Views\visiteur\accueil.php(11): CodeIgniter\Debug\Exceptions->errorHandler(2, 'Undefined varia...', 'C:\\Users\\BTS SI...', 11)
#1 C:\Users\BTS SIO\iCloudDrive\BTS Sio\Cours Web\ChopesGamesGRETA\system\View\View.php(214): include('C:\\Users\\BTS SI...')
#2 C:\Users\BTS SIO\iCloudDrive\BTS Sio\Cours Web\ChopesGamesGRETA\system\View\View.php(217): CodeIgniter\View\View->CodeIgniter\View\{closure}()
#3 C:\Users\BTS SIO\iCloudDrive\BTS Sio\Cours Web\ChopesGamesGRETA\system\Common.php(1097): CodeIgniter\View\View->render('visiteur/accuei...', Array, true)
#4 C:\Users\BTS SIO\iCloudDrive\BTS Sio\Cours Web\ChopesGamesGRETA\app\Controllers\Visiteur.php(343): view('visiteur/accuei...', Array)
#5 C:\Users\BTS SIO\iCloudDrive\BTS Sio\Cours Web\ChopesGamesGRETA\system\CodeIgniter.php(824): App\Controllers\Visiteur->se_connecter()
#6 C:\Users\BTS SIO\iCloudDrive\BTS Sio\Cours Web\ChopesGamesGRETA\system\CodeIgniter.php(410): CodeIgniter\CodeIgniter->runController(Object(App\Controllers\Visiteur))
#7 C:\Users\BTS SIO\iCloudDrive\BTS Sio\Cours Web\ChopesGamesGRETA\system\CodeIgniter.php(318): CodeIgniter\CodeIgniter->handleRequest(NULL, Object(Config\Cache), false)
#8 C:\Users\BTS SIO\iCloudDrive\BTS Sio\Cours Web\ChopesGamesGRETA\public\index.php(37): CodeIgniter\CodeIgniter->run()
#9 C:\Users\BTS SIO\iCloudDrive\BTS Sio\Cours Web\ChopesGamesGRETA\system\Commands\Server\rewrite.php(43): require_once('C:\\Users\\BTS SI...')
#10 {main}
CRITICAL - 2023-04-20 07:13:46 --> Undefined variable $vitrines
#0 C:\Users\BTS SIO\iCloudDrive\BTS Sio\Cours Web\ChopesGamesGRETA\app\Views\visiteur\accueil.php(11): CodeIgniter\Debug\Exceptions->errorHandler(2, 'Undefined varia...', 'C:\\Users\\BTS SI...', 11)
#1 C:\Users\BTS SIO\iCloudDrive\BTS Sio\Cours Web\ChopesGamesGRETA\system\View\View.php(214): include('C:\\Users\\BTS SI...')
#2 C:\Users\BTS SIO\iCloudDrive\BTS Sio\Cours Web\ChopesGamesGRETA\system\View\View.php(217): CodeIgniter\View\View->CodeIgniter\View\{closure}()
#3 C:\Users\BTS SIO\iCloudDrive\BTS Sio\Cours Web\ChopesGamesGRETA\system\Common.php(1097): CodeIgniter\View\View->render('visiteur/accuei...', Array, true)
#4 C:\Users\BTS SIO\iCloudDrive\BTS Sio\Cours Web\ChopesGamesGRETA\app\Controllers\Visiteur.php(343): view('visiteur/accuei...', Array)
#5 C:\Users\BTS SIO\iCloudDrive\BTS Sio\Cours Web\ChopesGamesGRETA\system\CodeIgniter.php(824): App\Controllers\Visiteur->se_connecter()
#6 C:\Users\BTS SIO\iCloudDrive\BTS Sio\Cours Web\ChopesGamesGRETA\system\CodeIgniter.php(410): CodeIgniter\CodeIgniter->runController(Object(App\Controllers\Visiteur))
#7 C:\Users\BTS SIO\iCloudDrive\BTS Sio\Cours Web\ChopesGamesGRETA\system\CodeIgniter.php(318): CodeIgniter\CodeIgniter->handleRequest(NULL, Object(Config\Cache), false)
#8 C:\Users\BTS SIO\iCloudDrive\BTS Sio\Cours Web\ChopesGamesGRETA\public\index.php(37): CodeIgniter\CodeIgniter->run()
#9 C:\Users\BTS SIO\iCloudDrive\BTS Sio\Cours Web\ChopesGamesGRETA\system\Commands\Server\rewrite.php(43): require_once('C:\\Users\\BTS SI...')
#10 {main}
CRITICAL - 2023-04-20 07:14:32 --> Undefined variable $vitrines
#0 C:\Users\BTS SIO\iCloudDrive\BTS Sio\Cours Web\ChopesGamesGRETA\app\Views\visiteur\accueil.php(11): CodeIgniter\Debug\Exceptions->errorHandler(2, 'Undefined varia...', 'C:\\Users\\BTS SI...', 11)
#1 C:\Users\BTS SIO\iCloudDrive\BTS Sio\Cours Web\ChopesGamesGRETA\system\View\View.php(214): include('C:\\Users\\BTS SI...')
#2 C:\Users\BTS SIO\iCloudDrive\BTS Sio\Cours Web\ChopesGamesGRETA\system\View\View.php(217): CodeIgniter\View\View->CodeIgniter\View\{closure}()
#3 C:\Users\BTS SIO\iCloudDrive\BTS Sio\Cours Web\ChopesGamesGRETA\system\Common.php(1097): CodeIgniter\View\View->render('visiteur/accuei...', Array, true)
#4 C:\Users\BTS SIO\iCloudDrive\BTS Sio\Cours Web\ChopesGamesGRETA\app\Controllers\Visiteur.php(343): view('visiteur/accuei...', Array)
#5 C:\Users\BTS SIO\iCloudDrive\BTS Sio\Cours Web\ChopesGamesGRETA\system\CodeIgniter.php(824): App\Controllers\Visiteur->se_connecter()
#6 C:\Users\BTS SIO\iCloudDrive\BTS Sio\Cours Web\ChopesGamesGRETA\system\CodeIgniter.php(410): CodeIgniter\CodeIgniter->runController(Object(App\Controllers\Visiteur))
#7 C:\Users\BTS SIO\iCloudDrive\BTS Sio\Cours Web\ChopesGamesGRETA\system\CodeIgniter.php(318): CodeIgniter\CodeIgniter->handleRequest(NULL, Object(Config\Cache), false)
#8 C:\Users\BTS SIO\iCloudDrive\BTS Sio\Cours Web\ChopesGamesGRETA\public\index.php(37): CodeIgniter\CodeIgniter->run()
#9 C:\Users\BTS SIO\iCloudDrive\BTS Sio\Cours Web\ChopesGamesGRETA\system\Commands\Server\rewrite.php(43): require_once('C:\\Users\\BTS SI...')
#10 {main}
CRITICAL - 2023-04-20 07:15:21 -->  route cannot be found while reverse-routing.
#0 C:\Users\BTS SIO\iCloudDrive\BTS Sio\Cours Web\ChopesGamesGRETA\system\HTTP\RedirectResponse.php(56): CodeIgniter\HTTP\Exceptions\HTTPException::forInvalidRedirectRoute('')
#1 C:\Users\BTS SIO\iCloudDrive\BTS Sio\Cours Web\ChopesGamesGRETA\system\Common.php(840): CodeIgniter\HTTP\RedirectResponse->route(false)
#2 C:\Users\BTS SIO\iCloudDrive\BTS Sio\Cours Web\ChopesGamesGRETA\app\Controllers\Visiteur.php(343): redirect('view/visiteur/a...', Array)
#3 C:\Users\BTS SIO\iCloudDrive\BTS Sio\Cours Web\ChopesGamesGRETA\system\CodeIgniter.php(824): App\Controllers\Visiteur->se_connecter()
#4 C:\Users\BTS SIO\iCloudDrive\BTS Sio\Cours Web\ChopesGamesGRETA\system\CodeIgniter.php(410): CodeIgniter\CodeIgniter->runController(Object(App\Controllers\Visiteur))
#5 C:\Users\BTS SIO\iCloudDrive\BTS Sio\Cours Web\ChopesGamesGRETA\system\CodeIgniter.php(318): CodeIgniter\CodeIgniter->handleRequest(NULL, Object(Config\Cache), false)
#6 C:\Users\BTS SIO\iCloudDrive\BTS Sio\Cours Web\ChopesGamesGRETA\public\index.php(37): CodeIgniter\CodeIgniter->run()
#7 C:\Users\BTS SIO\iCloudDrive\BTS Sio\Cours Web\ChopesGamesGRETA\system\Commands\Server\rewrite.php(43): require_once('C:\\Users\\BTS SI...')
#8 {main}
CRITICAL - 2023-04-20 07:57:10 --> Undefined variable $dureeRestante
#0 C:\Users\BTS SIO\iCloudDrive\BTS Sio\Cours Web\ChopesGamesGRETA\app\Views\visiteur\se_connecter.php(9): CodeIgniter\Debug\Exceptions->errorHandler(2, 'Undefined varia...', 'C:\\Users\\BTS SI...', 9)
#1 C:\Users\BTS SIO\iCloudDrive\BTS Sio\Cours Web\ChopesGamesGRETA\system\View\View.php(214): include('C:\\Users\\BTS SI...')
#2 C:\Users\BTS SIO\iCloudDrive\BTS Sio\Cours Web\ChopesGamesGRETA\system\View\View.php(217): CodeIgniter\View\View->CodeIgniter\View\{closure}()
#3 C:\Users\BTS SIO\iCloudDrive\BTS Sio\Cours Web\ChopesGamesGRETA\system\Common.php(1097): CodeIgniter\View\View->render('visiteur/se_con...', Array, true)
#4 C:\Users\BTS SIO\iCloudDrive\BTS Sio\Cours Web\ChopesGamesGRETA\app\Controllers\Visiteur.php(370): view('visiteur/se_con...', Array)
#5 C:\Users\BTS SIO\iCloudDrive\BTS Sio\Cours Web\ChopesGamesGRETA\system\CodeIgniter.php(824): App\Controllers\Visiteur->se_connecter()
#6 C:\Users\BTS SIO\iCloudDrive\BTS Sio\Cours Web\ChopesGamesGRETA\system\CodeIgniter.php(410): CodeIgniter\CodeIgniter->runController(Object(App\Controllers\Visiteur))
#7 C:\Users\BTS SIO\iCloudDrive\BTS Sio\Cours Web\ChopesGamesGRETA\system\CodeIgniter.php(318): CodeIgniter\CodeIgniter->handleRequest(NULL, Object(Config\Cache), false)
#8 C:\Users\BTS SIO\iCloudDrive\BTS Sio\Cours Web\ChopesGamesGRETA\public\index.php(37): CodeIgniter\CodeIgniter->run()
#9 C:\Users\BTS SIO\iCloudDrive\BTS Sio\Cours Web\ChopesGamesGRETA\system\Commands\Server\rewrite.php(43): require_once('C:\\Users\\BTS SI...')
#10 {main}
CRITICAL - 2023-04-20 08:12:13 --> Constant MINUTE already defined
#0 [internal function]: CodeIgniter\Debug\Exceptions->errorHandler(2, 'Constant MINUTE...', 'C:\\Users\\BTS SI...', 322)
#1 C:\Users\BTS SIO\iCloudDrive\BTS Sio\Cours Web\ChopesGamesGRETA\app\Controllers\Visiteur.php(322): define('MINUTE', 100)
#2 C:\Users\BTS SIO\iCloudDrive\BTS Sio\Cours Web\ChopesGamesGRETA\system\CodeIgniter.php(824): App\Controllers\Visiteur->se_connecter()
#3 C:\Users\BTS SIO\iCloudDrive\BTS Sio\Cours Web\ChopesGamesGRETA\system\CodeIgniter.php(410): CodeIgniter\CodeIgniter->runController(Object(App\Controllers\Visiteur))
#4 C:\Users\BTS SIO\iCloudDrive\BTS Sio\Cours Web\ChopesGamesGRETA\system\CodeIgniter.php(318): CodeIgniter\CodeIgniter->handleRequest(NULL, Object(Config\Cache), false)
#5 C:\Users\BTS SIO\iCloudDrive\BTS Sio\Cours Web\ChopesGamesGRETA\public\index.php(37): CodeIgniter\CodeIgniter->run()
#6 C:\Users\BTS SIO\iCloudDrive\BTS Sio\Cours Web\ChopesGamesGRETA\system\Commands\Server\rewrite.php(43): require_once('C:\\Users\\BTS SI...')
#7 {main}
CRITICAL - 2023-04-20 09:10:23 --> Honeypot.theClientIsABot
#0 C:\Users\BTS SIO\iCloudDrive\BTS Sio\Cours Web\ChopesGamesGRETA\system\Filters\Honeypot.php(35): CodeIgniter\Honeypot\Exceptions\HoneypotException::isBot()
#1 C:\Users\BTS SIO\iCloudDrive\BTS Sio\Cours Web\ChopesGamesGRETA\system\Filters\Filters.php(173): CodeIgniter\Filters\Honeypot->before(Object(CodeIgniter\HTTP\IncomingRequest), NULL)
#2 C:\Users\BTS SIO\iCloudDrive\BTS Sio\Cours Web\ChopesGamesGRETA\system\CodeIgniter.php(384): CodeIgniter\Filters\Filters->run('Visiteur/se_con...', 'before')
#3 C:\Users\BTS SIO\iCloudDrive\BTS Sio\Cours Web\ChopesGamesGRETA\system\CodeIgniter.php(318): CodeIgniter\CodeIgniter->handleRequest(NULL, Object(Config\Cache), false)
#4 C:\Users\BTS SIO\iCloudDrive\BTS Sio\Cours Web\ChopesGamesGRETA\public\index.php(37): CodeIgniter\CodeIgniter->run()
#5 C:\Users\BTS SIO\iCloudDrive\BTS Sio\Cours Web\ChopesGamesGRETA\system\Commands\Server\rewrite.php(43): require_once('C:\\Users\\BTS SI...')
#6 {main}
CRITICAL - 2023-04-20 09:38:15 --> Undefined variable $validation
#0 C:\Users\BTS SIO\iCloudDrive\BTS Sio\Cours Web\ChopesGamesGRETA\app\Views\visiteur\se_connecter.php(24): CodeIgniter\Debug\Exceptions->errorHandler(2, 'Undefined varia...', 'C:\\Users\\BTS SI...', 24)
#1 C:\Users\BTS SIO\iCloudDrive\BTS Sio\Cours Web\ChopesGamesGRETA\system\View\View.php(214): include('C:\\Users\\BTS SI...')
#2 C:\Users\BTS SIO\iCloudDrive\BTS Sio\Cours Web\ChopesGamesGRETA\system\View\View.php(217): CodeIgniter\View\View->CodeIgniter\View\{closure}()
#3 C:\Users\BTS SIO\iCloudDrive\BTS Sio\Cours Web\ChopesGamesGRETA\system\Common.php(1097): CodeIgniter\View\View->render('visiteur/se_con...', Array, true)
#4 C:\Users\BTS SIO\iCloudDrive\BTS Sio\Cours Web\ChopesGamesGRETA\app\Controllers\Visiteur.php(371): view('visiteur/se_con...', Array)
#5 C:\Users\BTS SIO\iCloudDrive\BTS Sio\Cours Web\ChopesGamesGRETA\system\CodeIgniter.php(824): App\Controllers\Visiteur->se_connecter()
#6 C:\Users\BTS SIO\iCloudDrive\BTS Sio\Cours Web\ChopesGamesGRETA\system\CodeIgniter.php(410): CodeIgniter\CodeIgniter->runController(Object(App\Controllers\Visiteur))
#7 C:\Users\BTS SIO\iCloudDrive\BTS Sio\Cours Web\ChopesGamesGRETA\system\CodeIgniter.php(318): CodeIgniter\CodeIgniter->handleRequest(NULL, Object(Config\Cache), false)
#8 C:\Users\BTS SIO\iCloudDrive\BTS Sio\Cours Web\ChopesGamesGRETA\public\index.php(37): CodeIgniter\CodeIgniter->run()
#9 C:\Users\BTS SIO\iCloudDrive\BTS Sio\Cours Web\ChopesGamesGRETA\system\Commands\Server\rewrite.php(43): require_once('C:\\Users\\BTS SI...')
#10 {main}
CRITICAL - 2023-04-20 09:47:06 --> Undefined variable $validation
#0 C:\Users\BTS SIO\iCloudDrive\BTS Sio\Cours Web\ChopesGamesGRETA\app\Views\visiteur\se_connecter.php(37): CodeIgniter\Debug\Exceptions->errorHandler(2, 'Undefined varia...', 'C:\\Users\\BTS SI...', 37)
#1 C:\Users\BTS SIO\iCloudDrive\BTS Sio\Cours Web\ChopesGamesGRETA\system\View\View.php(214): include('C:\\Users\\BTS SI...')
#2 C:\Users\BTS SIO\iCloudDrive\BTS Sio\Cours Web\ChopesGamesGRETA\system\View\View.php(217): CodeIgniter\View\View->CodeIgniter\View\{closure}()
#3 C:\Users\BTS SIO\iCloudDrive\BTS Sio\Cours Web\ChopesGamesGRETA\system\Common.php(1097): CodeIgniter\View\View->render('visiteur/se_con...', Array, true)
#4 C:\Users\BTS SIO\iCloudDrive\BTS Sio\Cours Web\ChopesGamesGRETA\app\Controllers\Visiteur.php(371): view('visiteur/se_con...', Array)
#5 C:\Users\BTS SIO\iCloudDrive\BTS Sio\Cours Web\ChopesGamesGRETA\system\CodeIgniter.php(824): App\Controllers\Visiteur->se_connecter()
#6 C:\Users\BTS SIO\iCloudDrive\BTS Sio\Cours Web\ChopesGamesGRETA\system\CodeIgniter.php(410): CodeIgniter\CodeIgniter->runController(Object(App\Controllers\Visiteur))
#7 C:\Users\BTS SIO\iCloudDrive\BTS Sio\Cours Web\ChopesGamesGRETA\system\CodeIgniter.php(318): CodeIgniter\CodeIgniter->handleRequest(NULL, Object(Config\Cache), false)
#8 C:\Users\BTS SIO\iCloudDrive\BTS Sio\Cours Web\ChopesGamesGRETA\public\index.php(37): CodeIgniter\CodeIgniter->run()
#9 C:\Users\BTS SIO\iCloudDrive\BTS Sio\Cours Web\ChopesGamesGRETA\system\Commands\Server\rewrite.php(43): require_once('C:\\Users\\BTS SI...')
#10 {main}
CRITICAL - 2023-04-20 09:47:34 --> Undefined variable $validation
#0 C:\Users\BTS SIO\iCloudDrive\BTS Sio\Cours Web\ChopesGamesGRETA\app\Views\visiteur\se_connecter.php(37): CodeIgniter\Debug\Exceptions->errorHandler(2, 'Undefined varia...', 'C:\\Users\\BTS SI...', 37)
#1 C:\Users\BTS SIO\iCloudDrive\BTS Sio\Cours Web\ChopesGamesGRETA\system\View\View.php(214): include('C:\\Users\\BTS SI...')
#2 C:\Users\BTS SIO\iCloudDrive\BTS Sio\Cours Web\ChopesGamesGRETA\system\View\View.php(217): CodeIgniter\View\View->CodeIgniter\View\{closure}()
#3 C:\Users\BTS SIO\iCloudDrive\BTS Sio\Cours Web\ChopesGamesGRETA\system\Common.php(1097): CodeIgniter\View\View->render('visiteur/se_con...', Array, true)
#4 C:\Users\BTS SIO\iCloudDrive\BTS Sio\Cours Web\ChopesGamesGRETA\app\Controllers\Visiteur.php(371): view('visiteur/se_con...', Array)
#5 C:\Users\BTS SIO\iCloudDrive\BTS Sio\Cours Web\ChopesGamesGRETA\system\CodeIgniter.php(824): App\Controllers\Visiteur->se_connecter()
#6 C:\Users\BTS SIO\iCloudDrive\BTS Sio\Cours Web\ChopesGamesGRETA\system\CodeIgniter.php(410): CodeIgniter\CodeIgniter->runController(Object(App\Controllers\Visiteur))
#7 C:\Users\BTS SIO\iCloudDrive\BTS Sio\Cours Web\ChopesGamesGRETA\system\CodeIgniter.php(318): CodeIgniter\CodeIgniter->handleRequest(NULL, Object(Config\Cache), false)
#8 C:\Users\BTS SIO\iCloudDrive\BTS Sio\Cours Web\ChopesGamesGRETA\public\index.php(37): CodeIgniter\CodeIgniter->run()
#9 C:\Users\BTS SIO\iCloudDrive\BTS Sio\Cours Web\ChopesGamesGRETA\system\Commands\Server\rewrite.php(43): require_once('C:\\Users\\BTS SI...')
#10 {main}
