CRITICAL - 2023-01-12 04:49:40 --> App\Controllers\Visiteur::prodById(): Argument #1 ($id) must be of type int, string given, called in C:\Users\BTS SIO\iCloudDrive\BTS Sio\Cours Web\ChopesGames-main\system\CodeIgniter.php on line 824
#0 C:\Users\BTS SIO\iCloudDrive\BTS Sio\Cours Web\ChopesGames-main\system\CodeIgniter.php(824): App\Controllers\Visiteur->prodById('$1')
#1 C:\Users\BTS SIO\iCloudDrive\BTS Sio\Cours Web\ChopesGames-main\system\CodeIgniter.php(410): CodeIgniter\CodeIgniter->runController(Object(App\Controllers\Visiteur))
#2 C:\Users\BTS SIO\iCloudDrive\BTS Sio\Cours Web\ChopesGames-main\system\CodeIgniter.php(318): CodeIgniter\CodeIgniter->handleRequest(NULL, Object(Config\Cache), false)
#3 C:\Users\BTS SIO\iCloudDrive\BTS Sio\Cours Web\ChopesGames-main\public\index.php(37): CodeIgniter\CodeIgniter->run()
#4 C:\Users\BTS SIO\iCloudDrive\BTS Sio\Cours Web\ChopesGames-main\system\Commands\Server\rewrite.php(43): require_once('C:\\Users\\BTS SI...')
#5 {main}
CRITICAL - 2023-01-12 04:49:43 --> App\Controllers\Visiteur::prodById(): Argument #1 ($id) must be of type int, string given, called in C:\Users\BTS SIO\iCloudDrive\BTS Sio\Cours Web\ChopesGames-main\system\CodeIgniter.php on line 824
#0 C:\Users\BTS SIO\iCloudDrive\BTS Sio\Cours Web\ChopesGames-main\system\CodeIgniter.php(824): App\Controllers\Visiteur->prodById('$1')
#1 C:\Users\BTS SIO\iCloudDrive\BTS Sio\Cours Web\ChopesGames-main\system\CodeIgniter.php(410): CodeIgniter\CodeIgniter->runController(Object(App\Controllers\Visiteur))
#2 C:\Users\BTS SIO\iCloudDrive\BTS Sio\Cours Web\ChopesGames-main\system\CodeIgniter.php(318): CodeIgniter\CodeIgniter->handleRequest(NULL, Object(Config\Cache), false)
#3 C:\Users\BTS SIO\iCloudDrive\BTS Sio\Cours Web\ChopesGames-main\public\index.php(37): CodeIgniter\CodeIgniter->run()
#4 C:\Users\BTS SIO\iCloudDrive\BTS Sio\Cours Web\ChopesGames-main\system\Commands\Server\rewrite.php(43): require_once('C:\\Users\\BTS SI...')
#5 {main}
CRITICAL - 2023-01-12 04:55:52 --> App\Controllers\Visiteur::prodById(): Argument #1 ($id) must be of type int, string given, called in C:\Users\BTS SIO\iCloudDrive\BTS Sio\Cours Web\ChopesGames-main\system\CodeIgniter.php on line 824
#0 C:\Users\BTS SIO\iCloudDrive\BTS Sio\Cours Web\ChopesGames-main\system\CodeIgniter.php(824): App\Controllers\Visiteur->prodById('$1')
#1 C:\Users\BTS SIO\iCloudDrive\BTS Sio\Cours Web\ChopesGames-main\system\CodeIgniter.php(410): CodeIgniter\CodeIgniter->runController(Object(App\Controllers\Visiteur))
#2 C:\Users\BTS SIO\iCloudDrive\BTS Sio\Cours Web\ChopesGames-main\system\CodeIgniter.php(318): CodeIgniter\CodeIgniter->handleRequest(NULL, Object(Config\Cache), false)
#3 C:\Users\BTS SIO\iCloudDrive\BTS Sio\Cours Web\ChopesGames-main\public\index.php(37): CodeIgniter\CodeIgniter->run()
#4 C:\Users\BTS SIO\iCloudDrive\BTS Sio\Cours Web\ChopesGames-main\system\Commands\Server\rewrite.php(43): require_once('C:\\Users\\BTS SI...')
#5 {main}
CRITICAL - 2023-01-12 04:56:11 --> App\Controllers\Visiteur::prodById(): Argument #1 ($id) must be of type int, string given, called in C:\Users\BTS SIO\iCloudDrive\BTS Sio\Cours Web\ChopesGames-main\system\CodeIgniter.php on line 824
#0 C:\Users\BTS SIO\iCloudDrive\BTS Sio\Cours Web\ChopesGames-main\system\CodeIgniter.php(824): App\Controllers\Visiteur->prodById('$1')
#1 C:\Users\BTS SIO\iCloudDrive\BTS Sio\Cours Web\ChopesGames-main\system\CodeIgniter.php(410): CodeIgniter\CodeIgniter->runController(Object(App\Controllers\Visiteur))
#2 C:\Users\BTS SIO\iCloudDrive\BTS Sio\Cours Web\ChopesGames-main\system\CodeIgniter.php(318): CodeIgniter\CodeIgniter->handleRequest(NULL, Object(Config\Cache), false)
#3 C:\Users\BTS SIO\iCloudDrive\BTS Sio\Cours Web\ChopesGames-main\public\index.php(37): CodeIgniter\CodeIgniter->run()
#4 C:\Users\BTS SIO\iCloudDrive\BTS Sio\Cours Web\ChopesGames-main\system\Commands\Server\rewrite.php(43): require_once('C:\\Users\\BTS SI...')
#5 {main}
CRITICAL - 2023-01-12 04:56:32 --> App\Controllers\Visiteur::prodById(): Argument #1 ($id) must be of type App\Controllers\num, string given, called in C:\Users\BTS SIO\iCloudDrive\BTS Sio\Cours Web\ChopesGames-main\system\CodeIgniter.php on line 824
#0 C:\Users\BTS SIO\iCloudDrive\BTS Sio\Cours Web\ChopesGames-main\system\CodeIgniter.php(824): App\Controllers\Visiteur->prodById('$1')
#1 C:\Users\BTS SIO\iCloudDrive\BTS Sio\Cours Web\ChopesGames-main\system\CodeIgniter.php(410): CodeIgniter\CodeIgniter->runController(Object(App\Controllers\Visiteur))
#2 C:\Users\BTS SIO\iCloudDrive\BTS Sio\Cours Web\ChopesGames-main\system\CodeIgniter.php(318): CodeIgniter\CodeIgniter->handleRequest(NULL, Object(Config\Cache), false)
#3 C:\Users\BTS SIO\iCloudDrive\BTS Sio\Cours Web\ChopesGames-main\public\index.php(37): CodeIgniter\CodeIgniter->run()
#4 C:\Users\BTS SIO\iCloudDrive\BTS Sio\Cours Web\ChopesGames-main\system\Commands\Server\rewrite.php(43): require_once('C:\\Users\\BTS SI...')
#5 {main}
CRITICAL - 2023-01-12 04:58:24 --> App\Controllers\Visiteur::prodById(): Argument #1 ($id) must be of type int, string given, called in C:\Users\BTS SIO\iCloudDrive\BTS Sio\Cours Web\ChopesGames-main\system\CodeIgniter.php on line 824
#0 C:\Users\BTS SIO\iCloudDrive\BTS Sio\Cours Web\ChopesGames-main\system\CodeIgniter.php(824): App\Controllers\Visiteur->prodById('$1')
#1 C:\Users\BTS SIO\iCloudDrive\BTS Sio\Cours Web\ChopesGames-main\system\CodeIgniter.php(410): CodeIgniter\CodeIgniter->runController(Object(App\Controllers\Visiteur))
#2 C:\Users\BTS SIO\iCloudDrive\BTS Sio\Cours Web\ChopesGames-main\system\CodeIgniter.php(318): CodeIgniter\CodeIgniter->handleRequest(NULL, Object(Config\Cache), false)
#3 C:\Users\BTS SIO\iCloudDrive\BTS Sio\Cours Web\ChopesGames-main\public\index.php(37): CodeIgniter\CodeIgniter->run()
#4 C:\Users\BTS SIO\iCloudDrive\BTS Sio\Cours Web\ChopesGames-main\system\Commands\Server\rewrite.php(43): require_once('C:\\Users\\BTS SI...')
#5 {main}
CRITICAL - 2023-01-12 04:59:58 --> App\Controllers\Visiteur::prodById(): Argument #1 ($id) must be of type int, string given, called in C:\Users\BTS SIO\iCloudDrive\BTS Sio\Cours Web\ChopesGames-main\system\CodeIgniter.php on line 824
#0 C:\Users\BTS SIO\iCloudDrive\BTS Sio\Cours Web\ChopesGames-main\system\CodeIgniter.php(824): App\Controllers\Visiteur->prodById('$1')
#1 C:\Users\BTS SIO\iCloudDrive\BTS Sio\Cours Web\ChopesGames-main\system\CodeIgniter.php(410): CodeIgniter\CodeIgniter->runController(Object(App\Controllers\Visiteur))
#2 C:\Users\BTS SIO\iCloudDrive\BTS Sio\Cours Web\ChopesGames-main\system\CodeIgniter.php(318): CodeIgniter\CodeIgniter->handleRequest(NULL, Object(Config\Cache), false)
#3 C:\Users\BTS SIO\iCloudDrive\BTS Sio\Cours Web\ChopesGames-main\public\index.php(37): CodeIgniter\CodeIgniter->run()
#4 C:\Users\BTS SIO\iCloudDrive\BTS Sio\Cours Web\ChopesGames-main\system\Commands\Server\rewrite.php(43): require_once('C:\\Users\\BTS SI...')
#5 {main}
CRITICAL - 2023-01-12 05:05:02 --> App\Controllers\Visiteur::prodById(): Argument #1 ($id) must be of type int, string given, called in C:\Users\BTS SIO\iCloudDrive\BTS Sio\Cours Web\ChopesGames-main\system\CodeIgniter.php on line 824
#0 C:\Users\BTS SIO\iCloudDrive\BTS Sio\Cours Web\ChopesGames-main\system\CodeIgniter.php(824): App\Controllers\Visiteur->prodById('$1')
#1 C:\Users\BTS SIO\iCloudDrive\BTS Sio\Cours Web\ChopesGames-main\system\CodeIgniter.php(410): CodeIgniter\CodeIgniter->runController(Object(App\Controllers\Visiteur))
#2 C:\Users\BTS SIO\iCloudDrive\BTS Sio\Cours Web\ChopesGames-main\system\CodeIgniter.php(318): CodeIgniter\CodeIgniter->handleRequest(NULL, Object(Config\Cache), false)
#3 C:\Users\BTS SIO\iCloudDrive\BTS Sio\Cours Web\ChopesGames-main\public\index.php(37): CodeIgniter\CodeIgniter->run()
#4 C:\Users\BTS SIO\iCloudDrive\BTS Sio\Cours Web\ChopesGames-main\system\Commands\Server\rewrite.php(43): require_once('C:\\Users\\BTS SI...')
#5 {main}
